2024/05/22 15:33:13 Logging to file started
2024/05/22 15:33:13 Starting server on :8080
2024/05/22 15:33:15 [::1]:58009 GET / HTTP/1.1 200 126.708µs
2024/05/22 15:33:36 [::1]:58167 GET / HTTP/1.1 200 96.416µs
2024/05/22 15:33:36 [::1]:58167 GET / HTTP/1.1 200 11.541µs
2024/05/22 15:33:37 [::1]:58167 GET / HTTP/1.1 200 15.541µs
2024/05/22 15:33:42 [::1]:58170 GET / HTTP/1.1 200 23.667µs
2024/05/22 15:33:46 [::1]:58172 GET / HTTP/1.1 200 19.917µs
2024/05/22 15:33:46 [::1]:58172 GET / HTTP/1.1 200 22.292µs
2024/05/22 15:33:46 [::1]:58172 GET / HTTP/1.1 200 12.291µs
2024/05/22 15:33:58 [::1]:58178 GET / HTTP/1.1 200 45.458µs
2024/05/22 15:36:13 Logging to file started
2024/05/22 15:36:13 Starting server on :8080
2024/05/22 15:36:14 [::1]:58198 GET / HTTP/1.1 200 63.833µs
2024/05/22 15:36:15 [::1]:58198 GET / HTTP/1.1 200 87.542µs
2024/05/22 15:38:36 Logging to file started
2024/05/22 15:38:36 Starting server on :8080
2024/05/22 15:38:40 [::1]:58232 GET / HTTP/1.1 200 58.166µs
2024/05/22 15:39:14 [::1]:58238 GET / HTTP/1.1 200 62.583µs
2024/05/22 15:39:15 [::1]:58238 GET / HTTP/1.1 200 10.166µs
2024/05/22 15:39:22 Logging to file started
2024/05/22 15:39:22 Starting server on :8080
2024/05/22 15:39:27 [::1]:58247 GET / HTTP/1.1 200 82.083µs
2024/05/22 15:43:18 Logging to file started
2024/05/22 15:43:18 Starting server on :8080
2024/05/22 15:43:19 [::1]:58288 GET / HTTP/1.1 200 48.458µs
2024/05/22 15:43:19 [::1]:58288 GET /Users/tachibananoyushou/go-practice/mygoproject/static/style.css HTTP/1.1 200 7.875µs
2024/05/22 15:43:19 [::1]:58288 GET / HTTP/1.1 200 7µs
2024/05/22 15:43:19 [::1]:58288 GET /Users/tachibananoyushou/go-practice/mygoproject/static/style.css HTTP/1.1 200 13.792µs
2024/05/22 15:49:16 Logging to file started
2024/05/22 15:49:16 Starting server on :8080
2024/05/22 15:49:18 [::1]:58468 GET / HTTP/1.1 200 141.333µs
2024/05/22 15:49:18 [::1]:58468 GET /mygoproject/static/style.css HTTP/1.1 200 8.667µs
2024/05/22 15:49:18 [::1]:58468 GET / HTTP/1.1 200 9.875µs
2024/05/22 15:49:18 [::1]:58468 GET /mygoproject/static/style.css HTTP/1.1 200 18.375µs
2024/05/22 15:49:19 [::1]:58468 GET / HTTP/1.1 200 12.584µs
2024/05/22 15:49:19 [::1]:58468 GET /mygoproject/static/style.css HTTP/1.1 200 13.041µs
2024/05/22 15:49:24 [::1]:58471 GET / HTTP/1.1 200 48.917µs
2024/05/22 15:49:24 [::1]:58471 GET /mygoproject/static/style.css HTTP/1.1 200 13.125µs
2024/05/22 15:49:25 [::1]:58471 GET / HTTP/1.1 200 57.958µs
2024/05/22 15:49:25 [::1]:58471 GET /mygoproject/static/style.css HTTP/1.1 200 11.417µs
2024/05/22 15:49:25 [::1]:58471 GET / HTTP/1.1 200 11.708µs
2024/05/22 15:49:25 [::1]:58471 GET /mygoproject/static/style.css HTTP/1.1 200 14.125µs
2024/05/22 15:49:28 Logging to file started
2024/05/22 15:49:28 Starting server on :8080
2024/05/22 15:49:29 [::1]:58480 GET / HTTP/1.1 200 54.333µs
2024/05/22 15:49:29 [::1]:58480 GET /mygoproject/static/style.css HTTP/1.1 200 12µs
2024/05/22 15:49:29 [::1]:58482 GET / HTTP/1.1 200 41.5µs
2024/05/22 15:49:29 [::1]:58482 GET /mygoproject/static/style.css HTTP/1.1 200 17.083µs
2024/05/22 15:49:29 [::1]:58482 GET / HTTP/1.1 200 13.916µs
2024/05/22 15:49:29 [::1]:58482 GET /mygoproject/static/style.css HTTP/1.1 200 15.417µs
2024/05/22 15:49:30 [::1]:58482 GET / HTTP/1.1 200 102.083µs
2024/05/22 15:49:30 [::1]:58482 GET /mygoproject/static/style.css HTTP/1.1 200 11.625µs
2024/05/22 15:49:30 [::1]:58482 GET / HTTP/1.1 200 7.583µs
2024/05/22 15:49:30 [::1]:58482 GET /mygoproject/static/style.css HTTP/1.1 200 7.166µs
2024/05/22 15:49:33 [::1]:58482 GET / HTTP/1.1 200 55.833µs
2024/05/22 15:49:33 [::1]:58482 GET /mygoproject/static/style.css HTTP/1.1 200 12.208µs
2024/05/22 15:49:40 [::1]:58490 GET / HTTP/1.1 200 32.583µs
2024/05/22 15:49:40 [::1]:58490 GET /mygoproject/static/style.css HTTP/1.1 200 38.916µs
2024/05/22 15:49:41 [::1]:58490 GET / HTTP/1.1 200 14.542µs
2024/05/22 15:49:41 [::1]:58490 GET /mygoproject/static/style.css HTTP/1.1 200 12.834µs
2024/05/22 15:49:45 Logging to file started
2024/05/22 15:49:45 Starting server on :8080
2024/05/22 15:49:46 [::1]:58499 GET / HTTP/1.1 200 128.958µs
2024/05/22 15:49:46 [::1]:58499 GET / HTTP/1.1 200 18.417µs
2024/05/23 09:01:29 Logging to file started
2024/05/23 09:01:29 Starting server on :8080
2024/05/23 09:01:34 [::1]:49627 GET / HTTP/1.1 200 160.375µs
2024/05/23 09:01:34 [::1]:49627 GET /static/script.js HTTP/1.1 200 275.542µs
2024/05/23 09:01:35 [::1]:49628 GET /static/style.css HTTP/1.1 200 5.326125ms
2024/05/23 09:10:13 Logging to file started
2024/05/23 09:10:13 Starting server on :8080
2024/05/23 09:10:19 http: superfluous response.WriteHeader call from main.handler (main.go:33)
2024/05/23 09:10:19 [::1]:50027 GET / HTTP/1.1 200 379.709µs
2024/05/23 09:12:52 Logging to file started
2024/05/23 09:12:52 Starting server on :8080
2024/05/23 09:12:55 http: superfluous response.WriteHeader call from main.handler (main.go:33)
2024/05/23 09:12:55 [::1]:50052 GET / HTTP/1.1 200 416.791µs
2024/05/23 09:13:01 http: superfluous response.WriteHeader call from main.handler (main.go:33)
2024/05/23 09:13:01 [::1]:50054 GET / HTTP/1.1 200 1.162708ms
2024/05/23 09:13:14 http: superfluous response.WriteHeader call from main.handler (main.go:33)
2024/05/23 09:13:14 [::1]:50074 GET / HTTP/1.1 200 628.041µs
2024/05/23 09:13:32 Logging to file started
2024/05/23 09:13:32 Starting server on :8080
2024/05/23 09:13:35 http: superfluous response.WriteHeader call from main.handler (main.go:33)
2024/05/23 09:13:35 [::1]:50082 GET / HTTP/1.1 200 335.125µs
2024/05/23 09:16:21 Logging to file started
2024/05/23 09:16:21 Starting server on :8080
2024/05/23 09:16:24 http: superfluous response.WriteHeader call from main.handler (main.go:33)
2024/05/23 09:16:24 [::1]:50099 GET / HTTP/1.1 200 379µs
2024/05/23 09:16:25 http: superfluous response.WriteHeader call from main.handler (main.go:33)
2024/05/23 09:16:25 [::1]:50099 GET / HTTP/1.1 200 158.084µs
2024/05/23 09:18:48 Logging to file started
2024/05/23 09:18:48 Starting server on :8080
2024/05/23 09:18:52 [::1]:50119 GET / HTTP/1.1 200 544.958µs
2024/05/23 09:18:55 [::1]:50119 GET /form HTTP/1.1 200 85.292µs
2024/05/23 09:19:09 [::1]:50122 POST /form HTTP/1.1 200 401.583µs
2024/05/23 09:19:09 [::1]:50122 GET / HTTP/1.1 200 343.042µs
2024/05/23 09:19:13 [::1]:50129 GET /form HTTP/1.1 200 98.208µs
2024/05/23 09:19:20 [::1]:50133 POST /form HTTP/1.1 200 415.416µs
2024/05/23 09:19:20 [::1]:50133 GET / HTTP/1.1 200 136.083µs
2024/05/23 09:19:26 [::1]:50135 GET /form HTTP/1.1 200 53.167µs
2024/05/23 09:19:35 [::1]:50137 GET / HTTP/1.1 200 293.792µs
2024/05/23 09:19:38 [::1]:50140 GET / HTTP/1.1 200 157.542µs
2024/05/23 09:19:44 [::1]:50142 GET / HTTP/1.1 200 245.709µs
2024/05/23 09:19:51 Logging to file started
2024/05/23 09:19:51 Starting server on :8080
2024/05/23 09:19:53 [::1]:50153 GET / HTTP/1.1 200 265.375µs
2024/05/23 09:19:54 [::1]:50153 GET / HTTP/1.1 200 158.375µs
2024/05/23 09:20:00 [::1]:50155 GET / HTTP/1.1 200 177.334µs
